Loaded 25201 person samples from videos: [1, 3, 6, 7, 10, 13, 15, 16, 18, 22, 23, 31, 32, 36, 38, 39, 40, 41, 42, 48, 50, 52, 53, 54]
Loaded 15600 person samples from videos: [0, 2, 8, 12, 17, 19, 24, 26, 27, 28, 30, 33, 46, 49, 51]
====================================================================================================
                                          TRAINING STARTED                                          
====================================================================================================
Total Epochs: 15 | Batch Size: 32 | Device: cuda
====================================================================================================

────────────────────────────────────────────────────────────────────────────────────────────────────
Epoch [ 1/15]
────────────────────────────────────────────────────────────────────────────────────────────────────

Epoch 1/15: 100%|██████████| 788/788 [02:39<00:00,  4.94it/s]
Evaluating: 100%|██████████| 488/488 [01:24<00:00,  5.76it/s]

TRAIN           | Loss:   1.3761 | Accuracy:  45.84% | F1-Score:  50.16%
VALIDATION      | Loss:   1.1344 | Accuracy:  53.21% | F1-Score:  57.75%

────────────────────────────────────────────────────────────────────────────────────────────────────
Epoch [ 2/15]
────────────────────────────────────────────────────────────────────────────────────────────────────

Epoch 2/15: 100%|██████████| 788/788 [02:38<00:00,  4.97it/s]
Evaluating: 100%|██████████| 488/488 [01:24<00:00,  5.74it/s]

TRAIN           | Loss:   0.9023 | Accuracy:  63.27% | F1-Score:  66.35%
VALIDATION      | Loss:   1.0594 | Accuracy:  69.52% | F1-Score:  71.65%

────────────────────────────────────────────────────────────────────────────────────────────────────
Epoch [ 3/15]
────────────────────────────────────────────────────────────────────────────────────────────────────

Epoch 3/15: 100%|██████████| 788/788 [02:39<00:00,  4.94it/s]
Evaluating: 100%|██████████| 488/488 [01:23<00:00,  5.84it/s]

TRAIN           | Loss:   0.6426 | Accuracy:  70.27% | F1-Score:  72.56%
VALIDATION      | Loss:   0.9443 | Accuracy:  68.17% | F1-Score:  70.85%

────────────────────────────────────────────────────────────────────────────────────────────────────
Epoch [ 4/15]
────────────────────────────────────────────────────────────────────────────────────────────────────

Epoch 4/15: 100%|██████████| 788/788 [02:38<00:00,  4.96it/s]
Evaluating: 100%|██████████| 488/488 [01:23<00:00,  5.81it/s]

TRAIN           | Loss:   0.5550 | Accuracy:  72.66% | F1-Score:  74.70%
VALIDATION      | Loss:   0.9490 | Accuracy:  68.48% | F1-Score:  71.30%

────────────────────────────────────────────────────────────────────────────────────────────────────
Epoch [ 5/15]
────────────────────────────────────────────────────────────────────────────────────────────────────

Epoch 5/15: 100%|██████████| 788/788 [02:38<00:00,  4.97it/s]
Evaluating: 100%|██████████| 488/488 [01:24<00:00,  5.81it/s]

TRAIN           | Loss:   0.5090 | Accuracy:  73.16% | F1-Score:  75.15%
VALIDATION      | Loss:   0.9520 | Accuracy:  69.40% | F1-Score:  72.00%

────────────────────────────────────────────────────────────────────────────────────────────────────
Epoch [ 6/15]
────────────────────────────────────────────────────────────────────────────────────────────────────

Epoch 6/15: 100%|██████████| 788/788 [02:39<00:00,  4.95it/s]
Evaluating: 100%|██████████| 488/488 [01:23<00:00,  5.83it/s]

TRAIN           | Loss:   0.4947 | Accuracy:  74.00% | F1-Score:  75.89%
VALIDATION      | Loss:   0.9515 | Accuracy:  67.97% | F1-Score:  70.73%

────────────────────────────────────────────────────────────────────────────────────────────────────
Epoch [ 7/15]
────────────────────────────────────────────────────────────────────────────────────────────────────

Epoch 7/15: 100%|██████████| 788/788 [02:38<00:00,  4.96it/s]
Evaluating: 100%|██████████| 488/488 [01:25<00:00,  5.74it/s]

TRAIN           | Loss:   0.4979 | Accuracy:  73.60% | F1-Score:  75.53%
VALIDATION      | Loss:   0.9533 | Accuracy:  69.01% | F1-Score:  71.58%

────────────────────────────────────────────────────────────────────────────────────────────────────
Epoch [ 8/15]
────────────────────────────────────────────────────────────────────────────────────────────────────

Epoch 8/15: 100%|██████████| 788/788 [02:40<00:00,  4.91it/s]
Evaluating: 100%|██████████| 488/488 [01:25<00:00,  5.71it/s]

TRAIN           | Loss:   0.4940 | Accuracy:  73.83% | F1-Score:  75.76%
VALIDATION      | Loss:   0.9534 | Accuracy:  68.99% | F1-Score:  71.57%

────────────────────────────────────────────────────────────────────────────────────────────────────
Epoch [ 9/15]
────────────────────────────────────────────────────────────────────────────────────────────────────

Epoch 9/15: 100%|██████████| 788/788 [02:41<00:00,  4.88it/s]
Evaluating: 100%|██████████| 488/488 [01:26<00:00,  5.62it/s]

TRAIN           | Loss:   0.4895 | Accuracy:  73.79% | F1-Score:  75.73%
VALIDATION      | Loss:   0.9495 | Accuracy:  69.08% | F1-Score:  71.76%

────────────────────────────────────────────────────────────────────────────────────────────────────
Epoch [10/15]
────────────────────────────────────────────────────────────────────────────────────────────────────

Epoch 10/15: 100%|██████████| 788/788 [02:42<00:00,  4.86it/s]
Evaluating: 100%|██████████| 488/488 [01:26<00:00,  5.67it/s]

TRAIN           | Loss:   0.4896 | Accuracy:  73.77% | F1-Score:  75.71%
VALIDATION      | Loss:   0.9533 | Accuracy:  68.83% | F1-Score:  71.39%

────────────────────────────────────────────────────────────────────────────────────────────────────
Epoch [11/15]
────────────────────────────────────────────────────────────────────────────────────────────────────

Epoch 11/15: 100%|██████████| 788/788 [02:40<00:00,  4.90it/s]
Evaluating: 100%|██████████| 488/488 [01:25<00:00,  5.71it/s]

TRAIN           | Loss:   0.4875 | Accuracy:  73.83% | F1-Score:  75.74%
VALIDATION      | Loss:   0.9520 | Accuracy:  68.31% | F1-Score:  70.88%

────────────────────────────────────────────────────────────────────────────────────────────────────
Epoch [12/15]
────────────────────────────────────────────────────────────────────────────────────────────────────

Epoch 12/15: 100%|██████████| 788/788 [02:44<00:00,  4.78it/s]
Evaluating: 100%|██████████| 488/488 [01:28<00:00,  5.50it/s]

TRAIN           | Loss:   0.4944 | Accuracy:  73.77% | F1-Score:  75.68%
VALIDATION      | Loss:   0.9534 | Accuracy:  69.34% | F1-Score:  71.84%

────────────────────────────────────────────────────────────────────────────────────────────────────
Epoch [13/15]
────────────────────────────────────────────────────────────────────────────────────────────────────

Epoch 13/15: 100%|██████████| 788/788 [02:41<00:00,  4.88it/s]
Evaluating: 100%|██████████| 488/488 [01:23<00:00,  5.83it/s]

TRAIN           | Loss:   0.4857 | Accuracy:  74.05% | F1-Score:  75.98%
VALIDATION      | Loss:   0.9516 | Accuracy:  69.63% | F1-Score:  72.05%

────────────────────────────────────────────────────────────────────────────────────────────────────
Epoch [14/15]
────────────────────────────────────────────────────────────────────────────────────────────────────

Epoch 14/15: 100%|██████████| 788/788 [02:40<00:00,  4.89it/s]
Evaluating: 100%|██████████| 488/488 [01:25<00:00,  5.73it/s]

TRAIN           | Loss:   0.4903 | Accuracy:  74.18% | F1-Score:  76.07%
VALIDATION      | Loss:   0.9560 | Accuracy:  67.76% | F1-Score:  70.58%

────────────────────────────────────────────────────────────────────────────────────────────────────
Epoch [15/15]
────────────────────────────────────────────────────────────────────────────────────────────────────

Epoch 15/15: 100%|██████████| 788/788 [02:41<00:00,  4.87it/s]
Evaluating: 100%|██████████| 488/488 [01:25<00:00,  5.73it/s]

TRAIN           | Loss:   0.4773 | Accuracy:  73.70% | F1-Score:  75.64%
VALIDATION      | Loss:   0.9557 | Accuracy:  69.10% | F1-Score:  71.75%

====================================================================================================
                                         TRAINING COMPLETED                                         
====================================================================================================


Testing the model...
Loaded 15526 person samples from videos: [4, 5, 9, 11, 14, 20, 21, 25, 29, 34, 35, 37, 43, 44, 45, 47]

Evaluating: 100%|██████████| 122/122 [01:29<00:00,  1.37it/s]


====================================================================================================
                                            TEST RESULTS                                            
====================================================================================================
Loss:   0.8749 | Accuracy:  72.76% | F1-Score:  74.80%
====================================================================================================

