Starting training...
====================================================================================================
                                          TRAINING STARTED                                          
====================================================================================================
Total Epochs: 40 | Batch Size: 128 | Device: cuda
====================================================================================================

────────────────────────────────────────────────────────────────────────────────────────────────────
Epoch [  1/40]
────────────────────────────────────────────────────────────────────────────────────────────────────
TRAIN           | Loss:   1.9676 | Accuracy:  20.54% | F1-Score:  19.66%
VALIDATION      | Loss:   1.7322 | Accuracy:  32.66% | F1-Score:  28.54%

────────────────────────────────────────────────────────────────────────────────────────────────────
Epoch [  2/40]
────────────────────────────────────────────────────────────────────────────────────────────────────
TRAIN           | Loss:   1.4366 | Accuracy:  43.54% | F1-Score:  42.87%
VALIDATION      | Loss:   2.5799 | Accuracy:  34.00% | F1-Score:  34.64%

────────────────────────────────────────────────────────────────────────────────────────────────────
Epoch [  3/40]
────────────────────────────────────────────────────────────────────────────────────────────────────
TRAIN           | Loss:   1.2063 | Accuracy:  54.04% | F1-Score:  53.68%
VALIDATION      | Loss:   1.3476 | Accuracy:  49.74% | F1-Score:  46.43%

────────────────────────────────────────────────────────────────────────────────────────────────────
Epoch [  4/40]
────────────────────────────────────────────────────────────────────────────────────────────────────
TRAIN           | Loss:   1.0693 | Accuracy:  56.88% | F1-Score:  56.38%
VALIDATION      | Loss:   1.1595 | Accuracy:  55.78% | F1-Score:  54.83%

────────────────────────────────────────────────────────────────────────────────────────────────────
Epoch [  5/40]
────────────────────────────────────────────────────────────────────────────────────────────────────
TRAIN           | Loss:   1.0104 | Accuracy:  59.80% | F1-Score:  59.41%
VALIDATION      | Loss:   1.4143 | Accuracy:  54.29% | F1-Score:  54.20%

────────────────────────────────────────────────────────────────────────────────────────────────────
Epoch [  6/40]
────────────────────────────────────────────────────────────────────────────────────────────────────
TRAIN           | Loss:   0.9678 | Accuracy:  63.15% | F1-Score:  62.89%
VALIDATION      | Loss:   0.8075 | Accuracy:  71.07% | F1-Score:  70.50%

────────────────────────────────────────────────────────────────────────────────────────────────────
Epoch [  7/40]
────────────────────────────────────────────────────────────────────────────────────────────────────
TRAIN           | Loss:   0.8858 | Accuracy:  66.22% | F1-Score:  66.01%
VALIDATION      | Loss:   0.9819 | Accuracy:  66.89% | F1-Score:  66.86%

────────────────────────────────────────────────────────────────────────────────────────────────────
Epoch [  8/40]
────────────────────────────────────────────────────────────────────────────────────────────────────
TRAIN           | Loss:   0.8772 | Accuracy:  65.15% | F1-Score:  64.91%
VALIDATION      | Loss:   0.9599 | Accuracy:  65.85% | F1-Score:  65.89%

────────────────────────────────────────────────────────────────────────────────────────────────────
Epoch [  9/40]
────────────────────────────────────────────────────────────────────────────────────────────────────
TRAIN           | Loss:   0.8357 | Accuracy:  65.89% | F1-Score:  65.70%
VALIDATION      | Loss:   0.7549 | Accuracy:  71.74% | F1-Score:  71.62%

────────────────────────────────────────────────────────────────────────────────────────────────────
Epoch [ 10/40]
────────────────────────────────────────────────────────────────────────────────────────────────────
TRAIN           | Loss:   0.7807 | Accuracy:  67.98% | F1-Score:  67.76%
VALIDATION      | Loss:   0.7313 | Accuracy:  75.39% | F1-Score:  75.19%

────────────────────────────────────────────────────────────────────────────────────────────────────
Epoch [ 11/40]
────────────────────────────────────────────────────────────────────────────────────────────────────
TRAIN           | Loss:   0.7620 | Accuracy:  69.98% | F1-Score:  69.84%
VALIDATION      | Loss:   0.8168 | Accuracy:  73.53% | F1-Score:  73.23%

────────────────────────────────────────────────────────────────────────────────────────────────────
Epoch [ 12/40]
────────────────────────────────────────────────────────────────────────────────────────────────────
TRAIN           | Loss:   0.7502 | Accuracy:  69.93% | F1-Score:  69.82%
VALIDATION      | Loss:   0.7528 | Accuracy:  76.14% | F1-Score:  75.69%

────────────────────────────────────────────────────────────────────────────────────────────────────
Epoch [ 13/40]
────────────────────────────────────────────────────────────────────────────────────────────────────
TRAIN           | Loss:   0.7507 | Accuracy:  70.86% | F1-Score:  70.72%
VALIDATION      | Loss:   0.7135 | Accuracy:  76.36% | F1-Score:  76.45%

────────────────────────────────────────────────────────────────────────────────────────────────────
Epoch [ 14/40]
────────────────────────────────────────────────────────────────────────────────────────────────────
TRAIN           | Loss:   0.6995 | Accuracy:  72.44% | F1-Score:  72.36%
VALIDATION      | Loss:   0.8304 | Accuracy:  74.12% | F1-Score:  74.23%

────────────────────────────────────────────────────────────────────────────────────────────────────
Epoch [ 15/40]
────────────────────────────────────────────────────────────────────────────────────────────────────
TRAIN           | Loss:   0.6744 | Accuracy:  73.23% | F1-Score:  73.14%
VALIDATION      | Loss:   0.9258 | Accuracy:  71.96% | F1-Score:  72.19%

────────────────────────────────────────────────────────────────────────────────────────────────────
Epoch [ 16/40]
────────────────────────────────────────────────────────────────────────────────────────────────────
TRAIN           | Loss:   0.6772 | Accuracy:  73.88% | F1-Score:  73.87%
VALIDATION      | Loss:   0.9137 | Accuracy:  71.22% | F1-Score:  70.25%

────────────────────────────────────────────────────────────────────────────────────────────────────
Epoch [ 17/40]
────────────────────────────────────────────────────────────────────────────────────────────────────
TRAIN           | Loss:   0.6566 | Accuracy:  75.05% | F1-Score:  74.89%
VALIDATION      | Loss:   0.7988 | Accuracy:  71.66% | F1-Score:  71.82%

────────────────────────────────────────────────────────────────────────────────────────────────────
Epoch [ 18/40]
────────────────────────────────────────────────────────────────────────────────────────────────────
TRAIN           | Loss:   0.6203 | Accuracy:  75.70% | F1-Score:  75.65%
VALIDATION      | Loss:   1.0880 | Accuracy:  67.34% | F1-Score:  67.71%

────────────────────────────────────────────────────────────────────────────────────────────────────
Epoch [ 19/40]
────────────────────────────────────────────────────────────────────────────────────────────────────
TRAIN           | Loss:   0.5777 | Accuracy:  76.86% | F1-Score:  76.79%
VALIDATION      | Loss:   0.8389 | Accuracy:  74.27% | F1-Score:  74.32%

────────────────────────────────────────────────────────────────────────────────────────────────────
Epoch [ 20/40]
────────────────────────────────────────────────────────────────────────────────────────────────────
TRAIN           | Loss:   0.5721 | Accuracy:  76.35% | F1-Score:  76.23%
VALIDATION      | Loss:   1.1479 | Accuracy:  64.58% | F1-Score:  65.24%

────────────────────────────────────────────────────────────────────────────────────────────────────
Epoch [ 21/40]
────────────────────────────────────────────────────────────────────────────────────────────────────
TRAIN           | Loss:   0.5673 | Accuracy:  77.18% | F1-Score:  77.16%
VALIDATION      | Loss:   0.6856 | Accuracy:  78.67% | F1-Score:  78.66%

────────────────────────────────────────────────────────────────────────────────────────────────────
Epoch [ 22/40]
────────────────────────────────────────────────────────────────────────────────────────────────────
TRAIN           | Loss:   0.4898 | Accuracy:  79.97% | F1-Score:  79.92%
VALIDATION      | Loss:   0.6500 | Accuracy:  78.15% | F1-Score:  78.12%

────────────────────────────────────────────────────────────────────────────────────────────────────
Epoch [ 23/40]
────────────────────────────────────────────────────────────────────────────────────────────────────
TRAIN           | Loss:   0.4611 | Accuracy:  81.74% | F1-Score:  81.65%
VALIDATION      | Loss:   0.6424 | Accuracy:  78.60% | F1-Score:  78.64%

────────────────────────────────────────────────────────────────────────────────────────────────────
Epoch [ 24/40]
────────────────────────────────────────────────────────────────────────────────────────────────────
TRAIN           | Loss:   0.4588 | Accuracy:  81.09% | F1-Score:  81.04%
VALIDATION      | Loss:   0.6447 | Accuracy:  79.42% | F1-Score:  79.47%

────────────────────────────────────────────────────────────────────────────────────────────────────
Epoch [ 25/40]
────────────────────────────────────────────────────────────────────────────────────────────────────
TRAIN           | Loss:   0.4471 | Accuracy:  81.88% | F1-Score:  81.84%
VALIDATION      | Loss:   0.6447 | Accuracy:  78.90% | F1-Score:  78.87%

────────────────────────────────────────────────────────────────────────────────────────────────────
Epoch [ 26/40]
────────────────────────────────────────────────────────────────────────────────────────────────────
TRAIN           | Loss:   0.4324 | Accuracy:  83.04% | F1-Score:  82.99%
VALIDATION      | Loss:   0.6442 | Accuracy:  79.64% | F1-Score:  79.62%

────────────────────────────────────────────────────────────────────────────────────────────────────
Epoch [ 27/40]
────────────────────────────────────────────────────────────────────────────────────────────────────
TRAIN           | Loss:   0.4186 | Accuracy:  83.32% | F1-Score:  83.27%
VALIDATION      | Loss:   0.6393 | Accuracy:  79.42% | F1-Score:  79.39%

────────────────────────────────────────────────────────────────────────────────────────────────────
Epoch [ 28/40]
────────────────────────────────────────────────────────────────────────────────────────────────────
TRAIN           | Loss:   0.4196 | Accuracy:  83.27% | F1-Score:  83.22%
VALIDATION      | Loss:   0.6443 | Accuracy:  78.82% | F1-Score:  78.85%

────────────────────────────────────────────────────────────────────────────────────────────────────
Epoch [ 29/40]
────────────────────────────────────────────────────────────────────────────────────────────────────
TRAIN           | Loss:   0.3869 | Accuracy:  83.83% | F1-Score:  83.78%
VALIDATION      | Loss:   0.6529 | Accuracy:  78.75% | F1-Score:  78.74%

────────────────────────────────────────────────────────────────────────────────────────────────────
Epoch [ 30/40]
────────────────────────────────────────────────────────────────────────────────────────────────────
TRAIN           | Loss:   0.4095 | Accuracy:  83.27% | F1-Score:  83.23%
VALIDATION      | Loss:   0.6666 | Accuracy:  79.49% | F1-Score:  79.52%

────────────────────────────────────────────────────────────────────────────────────────────────────
Epoch [ 31/40]
────────────────────────────────────────────────────────────────────────────────────────────────────
TRAIN           | Loss:   0.3927 | Accuracy:  84.90% | F1-Score:  84.88%
VALIDATION      | Loss:   0.6634 | Accuracy:  79.57% | F1-Score:  79.59%

────────────────────────────────────────────────────────────────────────────────────────────────────
Epoch [ 32/40]
────────────────────────────────────────────────────────────────────────────────────────────────────
TRAIN           | Loss:   0.3965 | Accuracy:  84.06% | F1-Score:  83.98%
VALIDATION      | Loss:   0.6611 | Accuracy:  79.72% | F1-Score:  79.71%

────────────────────────────────────────────────────────────────────────────────────────────────────
Epoch [ 33/40]
────────────────────────────────────────────────────────────────────────────────────────────────────
TRAIN           | Loss:   0.3749 | Accuracy:  85.18% | F1-Score:  85.14%
VALIDATION      | Loss:   0.6827 | Accuracy:  79.49% | F1-Score:  79.57%

────────────────────────────────────────────────────────────────────────────────────────────────────
Epoch [ 34/40]
────────────────────────────────────────────────────────────────────────────────────────────────────
TRAIN           | Loss:   0.3617 | Accuracy:  85.69% | F1-Score:  85.64%
VALIDATION      | Loss:   0.6871 | Accuracy:  78.82% | F1-Score:  78.87%

────────────────────────────────────────────────────────────────────────────────────────────────────
Epoch [ 35/40]
────────────────────────────────────────────────────────────────────────────────────────────────────
TRAIN           | Loss:   0.3839 | Accuracy:  84.25% | F1-Score:  84.19%
VALIDATION      | Loss:   0.7029 | Accuracy:  78.82% | F1-Score:  78.83%

────────────────────────────────────────────────────────────────────────────────────────────────────
Epoch [ 36/40]
────────────────────────────────────────────────────────────────────────────────────────────────────
TRAIN           | Loss:   0.3421 | Accuracy:  86.90% | F1-Score:  86.87%
VALIDATION      | Loss:   0.7013 | Accuracy:  79.72% | F1-Score:  79.81%

────────────────────────────────────────────────────────────────────────────────────────────────────
Epoch [ 37/40]
────────────────────────────────────────────────────────────────────────────────────────────────────
TRAIN           | Loss:   0.3587 | Accuracy:  86.52% | F1-Score:  86.51%
VALIDATION      | Loss:   0.6888 | Accuracy:  80.16% | F1-Score:  80.28%

────────────────────────────────────────────────────────────────────────────────────────────────────
Epoch [ 38/40]
────────────────────────────────────────────────────────────────────────────────────────────────────
TRAIN           | Loss:   0.3604 | Accuracy:  85.50% | F1-Score:  85.48%
VALIDATION      | Loss:   0.6737 | Accuracy:  79.94% | F1-Score:  79.99%

────────────────────────────────────────────────────────────────────────────────────────────────────
Epoch [ 39/40]
────────────────────────────────────────────────────────────────────────────────────────────────────
TRAIN           | Loss:   0.3636 | Accuracy:  85.46% | F1-Score:  85.40%
VALIDATION      | Loss:   0.6939 | Accuracy:  79.94% | F1-Score:  80.00%

────────────────────────────────────────────────────────────────────────────────────────────────────
Epoch [ 40/40]
────────────────────────────────────────────────────────────────────────────────────────────────────
TRAIN           | Loss:   0.3523 | Accuracy:  85.50% | F1-Score:  85.46%
VALIDATION      | Loss:   0.7024 | Accuracy:  80.24% | F1-Score:  80.34%

====================================================================================================
                                         TRAINING COMPLETED                                         
====================================================================================================